# JRE version: OpenJDK Runtime Environment Temurin-17.0.5+8 (17.0.5+8) (build 17.0.5+8)
# Java VM: OpenJDK 64-Bit Server VM Temurin-17.0.5+8 (17.0.5+8, mixed mode, tiered, compressed oops, compressed class ptrs, parallel gc, windows-amd64)
GC Precious Log:
 CPUs: 4 total, 4 available
 Memory: 3877M
 Large Page Support: Disabled
 NUMA Support: Disabled
 Compressed Oops: Enabled (32-bit)
 Alignments: Space 512K, Generation 512K, Heap 2M
 Heap Min Capacity: 100M
 Heap Initial Capacity: 100M
 Heap Max Capacity: 1G
 Pre-touch: Disabled
 Parallel Workers: 4
Heap:
 PSYoungGen      total 18432K, used 3025K [0x00000000eab00000, 0x00000000ebe00000, 0x0000000100000000)
  eden space 17408K, 12% used [0x00000000eab00000,0x00000000ead187e0,0x00000000ebc00000)
  from space 1024K, 98% used [0x00000000ebc00000,0x00000000ebcfae58,0x00000000ebd00000)
  to   space 1024K, 0% used [0x00000000ebd00000,0x00000000ebd00000,0x00000000ebe00000)
 ParOldGen       total 68608K, used 58786K [0x00000000c0000000, 0x00000000c4300000, 0x00000000eab00000)
  object space 68608K, 85% used [0x00000000c0000000,0x00000000c3968b48,0x00000000c4300000)
 Metaspace       used 75534K, committed 76544K, reserved 1122304K
  class space    used 7891K, committed 8320K, reserved 1048576K
GC Heap History (20 events):
Event: 3768.882 GC heap before
{Heap before GC invocations=63 (full 4):
 PSYoungGen      total 19456K, used 19439K [0x00000000eab00000, 0x00000000ebf00000, 0x0000000100000000)
  eden space 18432K, 100% used [0x00000000eab00000,0x00000000ebd00000,0x00000000ebd00000)
  from space 1024K, 98% used [0x00000000ebd00000,0x00000000ebdfbc00,0x00000000ebe00000)
  to   space 1024K, 0% used [0x00000000ebe00000,0x00000000ebe00000,0x00000000ebf00000)
 ParOldGen       total 69120K, used 45284K [0x00000000c0000000, 0x00000000c4380000, 0x00000000eab00000)
  object space 69120K, 65% used [0x00000000c0000000,0x00000000c2c391a8,0x00000000c4380000)
 Metaspace       used 75204K, committed 76224K, reserved 1122304K
  class space    used 7865K, committed 8320K, reserved 1048576K
}
Event: 3768.887 GC heap after
{Heap after GC invocations=63 (full 4):
 PSYoungGen      total 18432K, used 560K [0x00000000eab00000, 0x00000000ec100000, 0x0000000100000000)
  eden space 17408K, 0% used [0x00000000eab00000,0x00000000eab00000,0x00000000ebc00000)
  from space 1024K, 54% used [0x00000000ebe00000,0x00000000ebe8c010,0x00000000ebf00000)
  to   space 2048K, 0% used [0x00000000ebc00000,0x00000000ebc00000,0x00000000ebe00000)
 ParOldGen       total 69120K, used 48497K [0x00000000c0000000, 0x00000000c4380000, 0x00000000eab00000)
  object space 69120K, 70% used [0x00000000c0000000,0x00000000c2f5c538,0x00000000c4380000)
 Metaspace       used 75204K, committed 76224K, reserved 1122304K
  class space    used 7865K, committed 8320K, reserved 1048576K
}
Event: 3768.972 GC heap before
{Heap before GC invocations=64 (full 4):
 PSYoungGen      total 18432K, used 17451K [0x00000000eab00000, 0x00000000ec100000, 0x0000000100000000)
  eden space 17408K, 97% used [0x00000000eab00000,0x00000000ebb7ee50,0x00000000ebc00000)
  from space 1024K, 54% used [0x00000000ebe00000,0x00000000ebe8c010,0x00000000ebf00000)
  to   space 2048K, 0% used [0x00000000ebc00000,0x00000000ebc00000,0x00000000ebe00000)
 ParOldGen       total 69120K, used 48497K [0x00000000c0000000, 0x00000000c4380000, 0x00000000eab00000)
  object space 69120K, 70% used [0x00000000c0000000,0x00000000c2f5c538,0x00000000c4380000)
 Metaspace       used 75219K, committed 76224K, reserved 1122304K
  class space    used 7865K, committed 8320K, reserved 1048576K
}
Event: 3768.975 GC heap after
{Heap after GC invocations=64 (full 4):
 PSYoungGen      total 18432K, used 617K [0x00000000eab00000, 0x00000000ebe80000, 0x0000000100000000)
  eden space 17408K, 0% used [0x00000000eab00000,0x00000000eab00000,0x00000000ebc00000)
  from space 1024K, 60% used [0x00000000ebc00000,0x00000000ebc9a4a0,0x00000000ebd00000)
  to   space 1024K, 0% used [0x00000000ebd80000,0x00000000ebd80000,0x00000000ebe80000)
 ParOldGen       total 69120K, used 51317K [0x00000000c0000000, 0x00000000c4380000, 0x00000000eab00000)
  object space 69120K, 74% used [0x00000000c0000000,0x00000000c321d568,0x00000000c4380000)
 Metaspace       used 75219K, committed 76224K, reserved 1122304K
  class space    used 7865K, committed 8320K, reserved 1048576K
}
Event: 3769.001 GC heap before
{Heap before GC invocations=65 (full 4):
 PSYoungGen      total 18432K, used 16469K [0x00000000eab00000, 0x00000000ebe80000, 0x0000000100000000)
  eden space 17408K, 91% used [0x00000000eab00000,0x00000000eba7b350,0x00000000ebc00000)
  from space 1024K, 60% used [0x00000000ebc00000,0x00000000ebc9a4a0,0x00000000ebd00000)
  to   space 1024K, 0% used [0x00000000ebd80000,0x00000000ebd80000,0x00000000ebe80000)
 ParOldGen       total 69120K, used 51317K [0x00000000c0000000, 0x00000000c4380000, 0x00000000eab00000)
  object space 69120K, 74% used [0x00000000c0000000,0x00000000c321d568,0x00000000c4380000)
 Metaspace       used 75222K, committed 76224K, reserved 1122304K
  class space    used 7865K, committed 8320K, reserved 1048576K
}
Event: 3769.005 GC heap after
{Heap after GC invocations=65 (full 4):
 PSYoungGen      total 17920K, used 512K [0x00000000eab00000, 0x00000000ebe00000, 0x0000000100000000)
  eden space 17408K, 0% used [0x00000000eab00000,0x00000000eab00000,0x00000000ebc00000)
  from space 512K, 100% used [0x00000000ebd80000,0x00000000ebe00000,0x00000000ebe00000)
  to   space 1024K, 0% used [0x00000000ebc00000,0x00000000ebc00000,0x00000000ebd00000)
 ParOldGen       total 69120K, used 56191K [0x00000000c0000000, 0x00000000c4380000, 0x00000000eab00000)
  object space 69120K, 81% used [0x00000000c0000000,0x00000000c36dfdc8,0x00000000c4380000)
 Metaspace       used 75222K, committed 76224K, reserved 1122304K
  class space    used 7865K, committed 8320K, reserved 1048576K
}
Event: 3769.112 GC heap before
{Heap before GC invocations=66 (full 4):
 PSYoungGen      total 17920K, used 17574K [0x00000000eab00000, 0x00000000ebe00000, 0x0000000100000000)
  eden space 17408K, 98% used [0x00000000eab00000,0x00000000ebba9a78,0x00000000ebc00000)
  from space 512K, 100% used [0x00000000ebd80000,0x00000000ebe00000,0x00000000ebe00000)
  to   space 1024K, 0% used [0x00000000ebc00000,0x00000000ebc00000,0x00000000ebd00000)
 ParOldGen       total 69120K, used 56191K [0x00000000c0000000, 0x00000000c4380000, 0x00000000eab00000)
  object space 69120K, 81% used [0x00000000c0000000,0x00000000c36dfdc8,0x00000000c4380000)
 Metaspace       used 75226K, committed 76224K, reserved 1122304K
  class space    used 7865K, committed 8320K, reserved 1048576K
}
Event: 3769.115 GC heap after
{Heap after GC invocations=66 (full 4):
 PSYoungGen      total 18432K, used 1010K [0x00000000eab00000, 0x00000000ebf00000, 0x0000000100000000)
  eden space 17408K, 0% used [0x00000000eab00000,0x00000000eab00000,0x00000000ebc00000)
  from space 1024K, 98% used [0x00000000ebc00000,0x00000000ebcfc940,0x00000000ebd00000)
  to   space 1536K, 0% used [0x00000000ebd80000,0x00000000ebd80000,0x00000000ebf00000)
 ParOldGen       total 69120K, used 61240K [0x00000000c0000000, 0x00000000c4380000, 0x00000000eab00000)
  object space 69120K, 88% used [0x00000000c0000000,0x00000000c3bce068,0x00000000c4380000)
 Metaspace       used 75226K, committed 76224K, reserved 1122304K
  class space    used 7865K, committed 8320K, reserved 1048576K
}
Event: 3769.180 GC heap before
{Heap before GC invocations=67 (full 4):
 PSYoungGen      total 18432K, used 18418K [0x00000000eab00000, 0x00000000ebf00000, 0x0000000100000000)
  eden space 17408K, 100% used [0x00000000eab00000,0x00000000ebc00000,0x00000000ebc00000)
  from space 1024K, 98% used [0x00000000ebc00000,0x00000000ebcfc940,0x00000000ebd00000)
  to   space 1536K, 0% used [0x00000000ebd80000,0x00000000ebd80000,0x00000000ebf00000)
 ParOldGen       total 69120K, used 61240K [0x00000000c0000000, 0x00000000c4380000, 0x00000000eab00000)
  object space 69120K, 88% used [0x00000000c0000000,0x00000000c3bce068,0x00000000c4380000)
 Metaspace       used 75248K, committed 76288K, reserved 1122304K
  class space    used 7865K, committed 8320K, reserved 1048576K
}
Event: 3769.183 GC heap after
{Heap after GC invocations=67 (full 4):
 PSYoungGen      total 17920K, used 512K [0x00000000eab00000, 0x00000000ebe00000, 0x0000000100000000)
  eden space 17408K, 0% used [0x00000000eab00000,0x00000000eab00000,0x00000000ebc00000)
  from space 512K, 100% used [0x00000000ebd80000,0x00000000ebe00000,0x00000000ebe00000)
  to   space 1024K, 0% used [0x00000000ebc00000,0x00000000ebc00000,0x00000000ebd00000)
 ParOldGen       total 69120K, used 64038K [0x00000000c0000000, 0x00000000c4380000, 0x00000000eab00000)
  object space 69120K, 92% used [0x00000000c0000000,0x00000000c3e89bf8,0x00000000c4380000)
 Metaspace       used 75248K, committed 76288K, reserved 1122304K
  class space    used 7865K, committed 8320K, reserved 1048576K
}
Event: 3769.252 GC heap before
{Heap before GC invocations=68 (full 4):
 PSYoungGen      total 17920K, used 15755K [0x00000000eab00000, 0x00000000ebe00000, 0x0000000100000000)
  eden space 17408K, 87% used [0x00000000eab00000,0x00000000eb9e2f28,0x00000000ebc00000)
  from space 512K, 100% used [0x00000000ebd80000,0x00000000ebe00000,0x00000000ebe00000)
  to   space 1024K, 0% used [0x00000000ebc00000,0x00000000ebc00000,0x00000000ebd00000)
 ParOldGen       total 69120K, used 64038K [0x00000000c0000000, 0x00000000c4380000, 0x00000000eab00000)
  object space 69120K, 92% used [0x00000000c0000000,0x00000000c3e89bf8,0x00000000c4380000)
 Metaspace       used 75262K, committed 76352K, reserved 1122304K
  class space    used 7865K, committed 8320K, reserved 1048576K
}
Event: 3769.256 GC heap after
{Heap after GC invocations=68 (full 4):
 PSYoungGen      total 18432K, used 752K [0x00000000eab00000, 0x00000000ebe00000, 0x0000000100000000)
  eden space 17408K, 0% used [0x00000000eab00000,0x00000000eab00000,0x00000000ebc00000)
  from space 1024K, 73% used [0x00000000ebc00000,0x00000000ebcbc010,0x00000000ebd00000)
  to   space 1024K, 0% used [0x00000000ebd00000,0x00000000ebd00000,0x00000000ebe00000)
 ParOldGen       total 69120K, used 66784K [0x00000000c0000000, 0x00000000c4380000, 0x00000000eab00000)
  object space 69120K, 96% used [0x00000000c0000000,0x00000000c4138308,0x00000000c4380000)
 Metaspace       used 75262K, committed 76352K, reserved 1122304K
  class space    used 7865K, committed 8320K, reserved 1048576K
}
Event: 3769.256 GC heap before
{Heap before GC invocations=69 (full 5):
 PSYoungGen      total 18432K, used 752K [0x00000000eab00000, 0x00000000ebe00000, 0x0000000100000000)
  eden space 17408K, 0% used [0x00000000eab00000,0x00000000eab00000,0x00000000ebc00000)
  from space 1024K, 73% used [0x00000000ebc00000,0x00000000ebcbc010,0x00000000ebd00000)
  to   space 1024K, 0% used [0x00000000ebd00000,0x00000000ebd00000,0x00000000ebe00000)
 ParOldGen       total 69120K, used 66784K [0x00000000c0000000, 0x00000000c4380000, 0x00000000eab00000)
  object space 69120K, 96% used [0x00000000c0000000,0x00000000c4138308,0x00000000c4380000)
 Metaspace       used 75262K, committed 76352K, reserved 1122304K
  class space    used 7865K, committed 8320K, reserved 1048576K
}
Event: 3769.359 GC heap after
{Heap after GC invocations=69 (full 5):
 PSYoungGen      total 18432K, used 0K [0x00000000eab00000, 0x00000000ebe00000, 0x0000000100000000)
  eden space 17408K, 0% used [0x00000000eab00000,0x00000000eab00000,0x00000000ebc00000)
  from space 1024K, 0% used [0x00000000ebd00000,0x00000000ebd00000,0x00000000ebe00000)
  to   space 1024K, 0% used [0x00000000ebc00000,0x00000000ebc00000,0x00000000ebd00000)
 ParOldGen       total 68608K, used 40765K [0x00000000c0000000, 0x00000000c4300000, 0x00000000eab00000)
  object space 68608K, 59% used [0x00000000c0000000,0x00000000c27cf4d8,0x00000000c4300000)
 Metaspace       used 75262K, committed 76352K, reserved 1122304K
  class space    used 7865K, committed 8320K, reserved 1048576K
}
Event: 3769.454 GC heap before
{Heap before GC invocations=70 (full 5):
 PSYoungGen      total 18432K, used 17407K [0x00000000eab00000, 0x00000000ebe00000, 0x0000000100000000)
  eden space 17408K, 99% used [0x00000000eab00000,0x00000000ebbfff28,0x00000000ebc00000)
  from space 1024K, 0% used [0x00000000ebd00000,0x00000000ebd00000,0x00000000ebe00000)
  to   space 1024K, 0% used [0x00000000ebc00000,0x00000000ebc00000,0x00000000ebd00000)
 ParOldGen       total 68608K, used 40765K [0x00000000c0000000, 0x00000000c4300000, 0x00000000eab00000)
  object space 68608K, 59% used [0x00000000c0000000,0x00000000c27cf4d8,0x00000000c4300000)
 Metaspace       used 75263K, committed 76352K, reserved 1122304K
  class space    used 7865K, committed 8320K, reserved 1048576K
}
Event: 3769.458 GC heap after
{Heap after GC invocations=70 (full 5):
 PSYoungGen      total 18432K, used 1008K [0x00000000eab00000, 0x00000000ebe00000, 0x0000000100000000)
  eden space 17408K, 0% used [0x00000000eab00000,0x00000000eab00000,0x00000000ebc00000)
  from space 1024K, 98% used [0x00000000ebc00000,0x00000000ebcfc010,0x00000000ebd00000)
  to   space 1024K, 0% used [0x00000000ebd00000,0x00000000ebd00000,0x00000000ebe00000)
 ParOldGen       total 68608K, used 43926K [0x00000000c0000000, 0x00000000c4300000, 0x00000000eab00000)
  object space 68608K, 64% used [0x00000000c0000000,0x00000000c2ae59a8,0x00000000c4300000)
 Metaspace       used 75263K, committed 76352K, reserved 1122304K
  class space    used 7865K, committed 8320K, reserved 1048576K
}
Event: 3769.695 GC heap before
{Heap before GC invocations=71 (full 5):
 PSYoungGen      total 18432K, used 18090K [0x00000000eab00000, 0x00000000ebe00000, 0x0000000100000000)
  eden space 17408K, 98% used [0x00000000eab00000,0x00000000ebbaea08,0x00000000ebc00000)
  from space 1024K, 98% used [0x00000000ebc00000,0x00000000ebcfc010,0x00000000ebd00000)
  to   space 1024K, 0% used [0x00000000ebd00000,0x00000000ebd00000,0x00000000ebe00000)
 ParOldGen       total 68608K, used 43926K [0x00000000c0000000, 0x00000000c4300000, 0x00000000eab00000)
  object space 68608K, 64% used [0x00000000c0000000,0x00000000c2ae59a8,0x00000000c4300000)
 Metaspace       used 75483K, committed 76480K, reserved 1122304K
  class space    used 7889K, committed 8320K, reserved 1048576K
}
Event: 3769.697 GC heap after
{Heap after GC invocations=71 (full 5):
 PSYoungGen      total 18432K, used 991K [0x00000000eab00000, 0x00000000ebe00000, 0x0000000100000000)
  eden space 17408K, 0% used [0x00000000eab00000,0x00000000eab00000,0x00000000ebc00000)
  from space 1024K, 96% used [0x00000000ebd00000,0x00000000ebdf7fe8,0x00000000ebe00000)
  to   space 1024K, 0% used [0x00000000ebc00000,0x00000000ebc00000,0x00000000ebd00000)
 ParOldGen       total 68608K, used 47251K [0x00000000c0000000, 0x00000000c4300000, 0x00000000eab00000)
  object space 68608K, 68% used [0x00000000c0000000,0x00000000c2e24f98,0x00000000c4300000)
 Metaspace       used 75483K, committed 76480K, reserved 1122304K
  class space    used 7889K, committed 8320K, reserved 1048576K
}
Event: 3769.762 GC heap before
{Heap before GC invocations=72 (full 5):
 PSYoungGen      total 18432K, used 16758K [0x00000000eab00000, 0x00000000ebe00000, 0x0000000100000000)
  eden space 17408K, 90% used [0x00000000eab00000,0x00000000eba658e0,0x00000000ebc00000)
  from space 1024K, 96% used [0x00000000ebd00000,0x00000000ebdf7fe8,0x00000000ebe00000)
  to   space 1024K, 0% used [0x00000000ebc00000,0x00000000ebc00000,0x00000000ebd00000)
 ParOldGen       total 68608K, used 47251K [0x00000000c0000000, 0x00000000c4300000, 0x00000000eab00000)
  object space 68608K, 68% used [0x00000000c0000000,0x00000000c2e24f98,0x00000000c4300000)
 Metaspace       used 75498K, committed 76480K, reserved 1122304K
  class space    used 7889K, committed 8320K, reserved 1048576K
}
Event: 3769.765 GC heap after
{Heap after GC invocations=72 (full 5):
 PSYoungGen      total 18432K, used 1023K [0x00000000eab00000, 0x00000000ebe00000, 0x0000000100000000)
  eden space 17408K, 0% used [0x00000000eab00000,0x00000000eab00000,0x00000000ebc00000)
  from space 1024K, 99% used [0x00000000ebc00000,0x00000000ebcfffe8,0x00000000ebd00000)
  to   space 1024K, 0% used [0x00000000ebd00000,0x00000000ebd00000,0x00000000ebe00000)
 ParOldGen       total 68608K, used 51815K [0x00000000c0000000, 0x00000000c4300000, 0x00000000eab00000)
  object space 68608K, 75% used [0x00000000c0000000,0x00000000c3299db8,0x00000000c4300000)
 Metaspace       used 75498K, committed 76480K, reserved 1122304K
  class space    used 7889K, committed 8320K, reserved 1048576K
}

