# JRE version: OpenJDK Runtime Environment Temurin-17.0.5+8 (17.0.5+8) (build 17.0.5+8)
# Java VM: OpenJDK 64-Bit Server VM Temurin-17.0.5+8 (17.0.5+8, mixed mode, tiered, compressed oops, compressed class ptrs, parallel gc, windows-amd64)
GC Precious Log:
 CPUs: 4 total, 4 available
 Memory: 3877M
 Large Page Support: Disabled
 NUMA Support: Disabled
 Compressed Oops: Enabled (32-bit)
 Alignments: Space 512K, Generation 512K, Heap 2M
 Heap Min Capacity: 100M
 Heap Initial Capacity: 100M
 Heap Max Capacity: 1G
 Pre-touch: Disabled
 Parallel Workers: 4
Heap:
 PSYoungGen      total 22016K, used 13376K [0x00000000eab00000, 0x00000000ec280000, 0x0000000100000000)
  eden space 21504K, 60% used [0x00000000eab00000,0x00000000eb7a8da0,0x00000000ec000000)
  from space 512K, 80% used [0x00000000ec200000,0x00000000ec267260,0x00000000ec280000)
  to   space 1024K, 0% used [0x00000000ec080000,0x00000000ec080000,0x00000000ec180000)
 ParOldGen       total 68608K, used 25325K [0x00000000c0000000, 0x00000000c4300000, 0x00000000eab00000)
  object space 68608K, 36% used [0x00000000c0000000,0x00000000c18bb428,0x00000000c4300000)
 Metaspace       used 39967K, committed 40576K, reserved 1089536K
  class space    used 4091K, committed 4416K, reserved 1048576K
GC Heap History (20 events):
Event: 11.393 GC heap before
{Heap before GC invocations=11 (full 1):
 PSYoungGen      total 25600K, used 25506K [0x00000000eab00000, 0x00000000ec780000, 0x0000000100000000)
  eden space 23040K, 99% used [0x00000000eab00000,0x00000000ec17fff0,0x00000000ec180000)
  from space 2560K, 96% used [0x00000000ec200000,0x00000000ec468a48,0x00000000ec480000)
  to   space 3072K, 0% used [0x00000000ec480000,0x00000000ec480000,0x00000000ec780000)
 ParOldGen       total 68608K, used 10808K [0x00000000c0000000, 0x00000000c4300000, 0x00000000eab00000)
  object space 68608K, 15% used [0x00000000c0000000,0x00000000c0a8e230,0x00000000c4300000)
 Metaspace       used 34720K, committed 35328K, reserved 1081344K
  class space    used 3514K, committed 3776K, reserved 1048576K
}
Event: 11.397 GC heap after
{Heap after GC invocations=11 (full 1):
 PSYoungGen      total 24576K, used 3040K [0x00000000eab00000, 0x00000000eca00000, 0x0000000100000000)
  eden space 21504K, 0% used [0x00000000eab00000,0x00000000eab00000,0x00000000ec000000)
  from space 3072K, 98% used [0x00000000ec480000,0x00000000ec778010,0x00000000ec780000)
  to   space 4608K, 0% used [0x00000000ec000000,0x00000000ec000000,0x00000000ec480000)
 ParOldGen       total 68608K, used 12053K [0x00000000c0000000, 0x00000000c4300000, 0x00000000eab00000)
  object space 68608K, 17% used [0x00000000c0000000,0x00000000c0bc5770,0x00000000c4300000)
 Metaspace       used 34720K, committed 35328K, reserved 1081344K
  class space    used 3514K, committed 3776K, reserved 1048576K
}
Event: 11.488 GC heap before
{Heap before GC invocations=12 (full 1):
 PSYoungGen      total 24576K, used 24544K [0x00000000eab00000, 0x00000000eca00000, 0x0000000100000000)
  eden space 21504K, 100% used [0x00000000eab00000,0x00000000ec000000,0x00000000ec000000)
  from space 3072K, 98% used [0x00000000ec480000,0x00000000ec778010,0x00000000ec780000)
  to   space 4608K, 0% used [0x00000000ec000000,0x00000000ec000000,0x00000000ec480000)
 ParOldGen       total 68608K, used 12053K [0x00000000c0000000, 0x00000000c4300000, 0x00000000eab00000)
  object space 68608K, 17% used [0x00000000c0000000,0x00000000c0bc5770,0x00000000c4300000)
 Metaspace       used 34795K, committed 35392K, reserved 1081344K
  class space    used 3527K, committed 3776K, reserved 1048576K
}
Event: 11.494 GC heap after
{Heap after GC invocations=12 (full 1):
 PSYoungGen      total 24064K, used 2208K [0x00000000eab00000, 0x00000000ec600000, 0x0000000100000000)
  eden space 21504K, 0% used [0x00000000eab00000,0x00000000eab00000,0x00000000ec000000)
  from space 2560K, 86% used [0x00000000ec000000,0x00000000ec228010,0x00000000ec280000)
  to   space 3072K, 0% used [0x00000000ec300000,0x00000000ec300000,0x00000000ec600000)
 ParOldGen       total 68608K, used 15114K [0x00000000c0000000, 0x00000000c4300000, 0x00000000eab00000)
  object space 68608K, 22% used [0x00000000c0000000,0x00000000c0ec28a0,0x00000000c4300000)
 Metaspace       used 34795K, committed 35392K, reserved 1081344K
  class space    used 3527K, committed 3776K, reserved 1048576K
}
Event: 11.557 GC heap before
{Heap before GC invocations=13 (full 1):
 PSYoungGen      total 24064K, used 23712K [0x00000000eab00000, 0x00000000ec600000, 0x0000000100000000)
  eden space 21504K, 100% used [0x00000000eab00000,0x00000000ec000000,0x00000000ec000000)
  from space 2560K, 86% used [0x00000000ec000000,0x00000000ec228010,0x00000000ec280000)
  to   space 3072K, 0% used [0x00000000ec300000,0x00000000ec300000,0x00000000ec600000)
 ParOldGen       total 68608K, used 15114K [0x00000000c0000000, 0x00000000c4300000, 0x00000000eab00000)
  object space 68608K, 22% used [0x00000000c0000000,0x00000000c0ec28a0,0x00000000c4300000)
 Metaspace       used 34795K, committed 35392K, reserved 1081344K
  class space    used 3527K, committed 3776K, reserved 1048576K
}
Event: 11.561 GC heap after
{Heap after GC invocations=13 (full 1):
 PSYoungGen      total 23552K, used 1824K [0x00000000eab00000, 0x00000000ec500000, 0x0000000100000000)
  eden space 21504K, 0% used [0x00000000eab00000,0x00000000eab00000,0x00000000ec000000)
  from space 2048K, 89% used [0x00000000ec300000,0x00000000ec4c8000,0x00000000ec500000)
  to   space 2560K, 0% used [0x00000000ec000000,0x00000000ec000000,0x00000000ec280000)
 ParOldGen       total 68608K, used 17250K [0x00000000c0000000, 0x00000000c4300000, 0x00000000eab00000)
  object space 68608K, 25% used [0x00000000c0000000,0x00000000c10d8988,0x00000000c4300000)
 Metaspace       used 34795K, committed 35392K, reserved 1081344K
  class space    used 3527K, committed 3776K, reserved 1048576K
}
Event: 11.620 GC heap before
{Heap before GC invocations=14 (full 1):
 PSYoungGen      total 23552K, used 23328K [0x00000000eab00000, 0x00000000ec500000, 0x0000000100000000)
  eden space 21504K, 100% used [0x00000000eab00000,0x00000000ec000000,0x00000000ec000000)
  from space 2048K, 89% used [0x00000000ec300000,0x00000000ec4c8000,0x00000000ec500000)
  to   space 2560K, 0% used [0x00000000ec000000,0x00000000ec000000,0x00000000ec280000)
 ParOldGen       total 68608K, used 17250K [0x00000000c0000000, 0x00000000c4300000, 0x00000000eab00000)
  object space 68608K, 25% used [0x00000000c0000000,0x00000000c10d8988,0x00000000c4300000)
 Metaspace       used 34795K, committed 35392K, reserved 1081344K
  class space    used 3527K, committed 3776K, reserved 1048576K
}
Event: 11.624 GC heap after
{Heap after GC invocations=14 (full 1):
 PSYoungGen      total 24064K, used 2144K [0x00000000eab00000, 0x00000000ec500000, 0x0000000100000000)
  eden space 21504K, 0% used [0x00000000eab00000,0x00000000eab00000,0x00000000ec000000)
  from space 2560K, 83% used [0x00000000ec000000,0x00000000ec218010,0x00000000ec280000)
  to   space 2560K, 0% used [0x00000000ec280000,0x00000000ec280000,0x00000000ec500000)
 ParOldGen       total 68608K, used 19042K [0x00000000c0000000, 0x00000000c4300000, 0x00000000eab00000)
  object space 68608K, 27% used [0x00000000c0000000,0x00000000c1298988,0x00000000c4300000)
 Metaspace       used 34795K, committed 35392K, reserved 1081344K
  class space    used 3527K, committed 3776K, reserved 1048576K
}
Event: 11.693 GC heap before
{Heap before GC invocations=15 (full 1):
 PSYoungGen      total 24064K, used 23648K [0x00000000eab00000, 0x00000000ec500000, 0x0000000100000000)
  eden space 21504K, 100% used [0x00000000eab00000,0x00000000ec000000,0x00000000ec000000)
  from space 2560K, 83% used [0x00000000ec000000,0x00000000ec218010,0x00000000ec280000)
  to   space 2560K, 0% used [0x00000000ec280000,0x00000000ec280000,0x00000000ec500000)
 ParOldGen       total 68608K, used 19042K [0x00000000c0000000, 0x00000000c4300000, 0x00000000eab00000)
  object space 68608K, 27% used [0x00000000c0000000,0x00000000c1298988,0x00000000c4300000)
 Metaspace       used 34795K, committed 35392K, reserved 1081344K
  class space    used 3527K, committed 3776K, reserved 1048576K
}
Event: 11.697 GC heap after
{Heap after GC invocations=15 (full 1):
 PSYoungGen      total 23552K, used 1760K [0x00000000eab00000, 0x00000000ec480000, 0x0000000100000000)
  eden space 21504K, 0% used [0x00000000eab00000,0x00000000eab00000,0x00000000ec000000)
  from space 2048K, 85% used [0x00000000ec280000,0x00000000ec438000,0x00000000ec480000)
  to   space 2048K, 0% used [0x00000000ec080000,0x00000000ec080000,0x00000000ec280000)
 ParOldGen       total 68608K, used 21162K [0x00000000c0000000, 0x00000000c4300000, 0x00000000eab00000)
  object space 68608K, 30% used [0x00000000c0000000,0x00000000c14aa998,0x00000000c4300000)
 Metaspace       used 34795K, committed 35392K, reserved 1081344K
  class space    used 3527K, committed 3776K, reserved 1048576K
}
Event: 11.954 GC heap before
{Heap before GC invocations=16 (full 1):
 PSYoungGen      total 23552K, used 12555K [0x00000000eab00000, 0x00000000ec480000, 0x0000000100000000)
  eden space 21504K, 50% used [0x00000000eab00000,0x00000000eb58afa8,0x00000000ec000000)
  from space 2048K, 85% used [0x00000000ec280000,0x00000000ec438000,0x00000000ec480000)
  to   space 2048K, 0% used [0x00000000ec080000,0x00000000ec080000,0x00000000ec280000)
 ParOldGen       total 68608K, used 21162K [0x00000000c0000000, 0x00000000c4300000, 0x00000000eab00000)
  object space 68608K, 30% used [0x00000000c0000000,0x00000000c14aa998,0x00000000c4300000)
 Metaspace       used 35281K, committed 35840K, reserved 1089536K
  class space    used 3573K, committed 3840K, reserved 1048576K
}
Event: 11.960 GC heap after
{Heap after GC invocations=16 (full 1):
 PSYoungGen      total 23552K, used 1764K [0x00000000eab00000, 0x00000000ec400000, 0x0000000100000000)
  eden space 21504K, 0% used [0x00000000eab00000,0x00000000eab00000,0x00000000ec000000)
  from space 2048K, 86% used [0x00000000ec080000,0x00000000ec2393d0,0x00000000ec280000)
  to   space 1536K, 0% used [0x00000000ec280000,0x00000000ec280000,0x00000000ec400000)
 ParOldGen       total 68608K, used 22880K [0x00000000c0000000, 0x00000000c4300000, 0x00000000eab00000)
  object space 68608K, 33% used [0x00000000c0000000,0x00000000c1658218,0x00000000c4300000)
 Metaspace       used 35281K, committed 35840K, reserved 1089536K
  class space    used 3573K, committed 3840K, reserved 1048576K
}
Event: 11.960 GC heap before
{Heap before GC invocations=17 (full 2):
 PSYoungGen      total 23552K, used 1764K [0x00000000eab00000, 0x00000000ec400000, 0x0000000100000000)
  eden space 21504K, 0% used [0x00000000eab00000,0x00000000eab00000,0x00000000ec000000)
  from space 2048K, 86% used [0x00000000ec080000,0x00000000ec2393d0,0x00000000ec280000)
  to   space 1536K, 0% used [0x00000000ec280000,0x00000000ec280000,0x00000000ec400000)
 ParOldGen       total 68608K, used 22880K [0x00000000c0000000, 0x00000000c4300000, 0x00000000eab00000)
  object space 68608K, 33% used [0x00000000c0000000,0x00000000c1658218,0x00000000c4300000)
 Metaspace       used 35281K, committed 35840K, reserved 1089536K
  class space    used 3573K, committed 3840K, reserved 1048576K
}
Event: 12.008 GC heap after
{Heap after GC invocations=17 (full 2):
 PSYoungGen      total 23552K, used 0K [0x00000000eab00000, 0x00000000ec400000, 0x0000000100000000)
  eden space 21504K, 0% used [0x00000000eab00000,0x00000000eab00000,0x00000000ec000000)
  from space 2048K, 0% used [0x00000000ec080000,0x00000000ec080000,0x00000000ec280000)
  to   space 1536K, 0% used [0x00000000ec280000,0x00000000ec280000,0x00000000ec400000)
 ParOldGen       total 68608K, used 23931K [0x00000000c0000000, 0x00000000c4300000, 0x00000000eab00000)
  object space 68608K, 34% used [0x00000000c0000000,0x00000000c175ece0,0x00000000c4300000)
 Metaspace       used 35281K, committed 35840K, reserved 1089536K
  class space    used 3573K, committed 3840K, reserved 1048576K
}
Event: 12.922 GC heap before
{Heap before GC invocations=18 (full 2):
 PSYoungGen      total 23552K, used 21474K [0x00000000eab00000, 0x00000000ec400000, 0x0000000100000000)
  eden space 21504K, 99% used [0x00000000eab00000,0x00000000ebff8898,0x00000000ec000000)
  from space 2048K, 0% used [0x00000000ec080000,0x00000000ec080000,0x00000000ec280000)
  to   space 1536K, 0% used [0x00000000ec280000,0x00000000ec280000,0x00000000ec400000)
 ParOldGen       total 68608K, used 23931K [0x00000000c0000000, 0x00000000c4300000, 0x00000000eab00000)
  object space 68608K, 34% used [0x00000000c0000000,0x00000000c175ece0,0x00000000c4300000)
 Metaspace       used 37277K, committed 37888K, reserved 1089536K
  class space    used 3851K, committed 4096K, reserved 1048576K
}
Event: 12.923 GC heap after
{Heap after GC invocations=18 (full 2):
 PSYoungGen      total 22528K, used 598K [0x00000000eab00000, 0x00000000ec380000, 0x0000000100000000)
  eden space 21504K, 0% used [0x00000000eab00000,0x00000000eab00000,0x00000000ec000000)
  from space 1024K, 58% used [0x00000000ec280000,0x00000000ec315a20,0x00000000ec380000)
  to   space 1536K, 0% used [0x00000000ec080000,0x00000000ec080000,0x00000000ec200000)
 ParOldGen       total 68608K, used 23939K [0x00000000c0000000, 0x00000000c4300000, 0x00000000eab00000)
  object space 68608K, 34% used [0x00000000c0000000,0x00000000c1760ce0,0x00000000c4300000)
 Metaspace       used 37277K, committed 37888K, reserved 1089536K
  class space    used 3851K, committed 4096K, reserved 1048576K
}
Event: 14.545 GC heap before
{Heap before GC invocations=19 (full 2):
 PSYoungGen      total 22528K, used 22102K [0x00000000eab00000, 0x00000000ec380000, 0x0000000100000000)
  eden space 21504K, 100% used [0x00000000eab00000,0x00000000ec000000,0x00000000ec000000)
  from space 1024K, 58% used [0x00000000ec280000,0x00000000ec315a20,0x00000000ec380000)
  to   space 1536K, 0% used [0x00000000ec080000,0x00000000ec080000,0x00000000ec200000)
 ParOldGen       total 68608K, used 23939K [0x00000000c0000000, 0x00000000c4300000, 0x00000000eab00000)
  object space 68608K, 34% used [0x00000000c0000000,0x00000000c1760ce0,0x00000000c4300000)
 Metaspace       used 38922K, committed 39616K, reserved 1089536K
  class space    used 3993K, committed 4352K, reserved 1048576K
}
Event: 14.547 GC heap after
{Heap after GC invocations=19 (full 2):
 PSYoungGen      total 23040K, used 1113K [0x00000000eab00000, 0x00000000ec300000, 0x0000000100000000)
  eden space 21504K, 0% used [0x00000000eab00000,0x00000000eab00000,0x00000000ec000000)
  from space 1536K, 72% used [0x00000000ec080000,0x00000000ec196620,0x00000000ec200000)
  to   space 1024K, 0% used [0x00000000ec200000,0x00000000ec200000,0x00000000ec300000)
 ParOldGen       total 68608K, used 24492K [0x00000000c0000000, 0x00000000c4300000, 0x00000000eab00000)
  object space 68608K, 35% used [0x00000000c0000000,0x00000000c17eb1e8,0x00000000c4300000)
 Metaspace       used 38922K, committed 39616K, reserved 1089536K
  class space    used 3993K, committed 4352K, reserved 1048576K
}
Event: 14.720 GC heap before
{Heap before GC invocations=20 (full 2):
 PSYoungGen      total 23040K, used 22617K [0x00000000eab00000, 0x00000000ec300000, 0x0000000100000000)
  eden space 21504K, 100% used [0x00000000eab00000,0x00000000ec000000,0x00000000ec000000)
  from space 1536K, 72% used [0x00000000ec080000,0x00000000ec196620,0x00000000ec200000)
  to   space 1024K, 0% used [0x00000000ec200000,0x00000000ec200000,0x00000000ec300000)
 ParOldGen       total 68608K, used 24492K [0x00000000c0000000, 0x00000000c4300000, 0x00000000eab00000)
  object space 68608K, 35% used [0x00000000c0000000,0x00000000c17eb1e8,0x00000000c4300000)
 Metaspace       used 38959K, committed 39616K, reserved 1089536K
  class space    used 3993K, committed 4352K, reserved 1048576K
}
Event: 14.721 GC heap after
{Heap after GC invocations=20 (full 2):
 PSYoungGen      total 22016K, used 412K [0x00000000eab00000, 0x00000000ec280000, 0x0000000100000000)
  eden space 21504K, 0% used [0x00000000eab00000,0x00000000eab00000,0x00000000ec000000)
  from space 512K, 80% used [0x00000000ec200000,0x00000000ec267260,0x00000000ec280000)
  to   space 1024K, 0% used [0x00000000ec080000,0x00000000ec080000,0x00000000ec180000)
 ParOldGen       total 68608K, used 25325K [0x00000000c0000000, 0x00000000c4300000, 0x00000000eab00000)
  object space 68608K, 36% used [0x00000000c0000000,0x00000000c18bb428,0x00000000c4300000)
 Metaspace       used 38959K, committed 39616K, reserved 1089536K
  class space    used 3993K, committed 4352K, reserved 1048576K
}

