# JRE version: OpenJDK Runtime Environment Temurin-17.0.5+8 (17.0.5+8) (build 17.0.5+8)
# Java VM: OpenJDK 64-Bit Server VM Temurin-17.0.5+8 (17.0.5+8, mixed mode, tiered, compressed oops, compressed class ptrs, parallel gc, windows-amd64)
GC Precious Log:
 CPUs: 4 total, 4 available
 Memory: 3877M
 Large Page Support: Disabled
 NUMA Support: Disabled
 Compressed Oops: Enabled (32-bit)
 Alignments: Space 512K, Generation 512K, Heap 2M
 Heap Min Capacity: 100M
 Heap Initial Capacity: 100M
 Heap Max Capacity: 1G
 Pre-touch: Disabled
 Parallel Workers: 4
Heap:
 PSYoungGen      total 23040K, used 7061K [0x00000000eab00000, 0x00000000ec400000, 0x0000000100000000)
  eden space 21504K, 28% used [0x00000000eab00000,0x00000000eb0e1ad8,0x00000000ec000000)
  from space 1536K, 67% used [0x00000000ec280000,0x00000000ec383c90,0x00000000ec400000)
  to   space 1536K, 0% used [0x00000000ec100000,0x00000000ec100000,0x00000000ec280000)
 ParOldGen       total 68608K, used 26723K [0x00000000c0000000, 0x00000000c4300000, 0x00000000eab00000)
  object space 68608K, 38% used [0x00000000c0000000,0x00000000c1a18d88,0x00000000c4300000)
 Metaspace       used 43226K, committed 43968K, reserved 1089536K
  class space    used 4367K, committed 4736K, reserved 1048576K
GC Heap History (20 events):
Event: 10.959 GC heap before
{Heap before GC invocations=10 (full 1):
 PSYoungGen      total 24576K, used 24556K [0x00000000eab00000, 0x00000000eca00000, 0x0000000100000000)
  eden space 23552K, 100% used [0x00000000eab00000,0x00000000ec200000,0x00000000ec200000)
  from space 1024K, 98% used [0x00000000ec680000,0x00000000ec77b248,0x00000000ec780000)
  to   space 4096K, 0% used [0x00000000ec200000,0x00000000ec200000,0x00000000ec600000)
 ParOldGen       total 68608K, used 10330K [0x00000000c0000000, 0x00000000c4300000, 0x00000000eab00000)
  object space 68608K, 15% used [0x00000000c0000000,0x00000000c0a169e8,0x00000000c4300000)
 Metaspace       used 34822K, committed 35520K, reserved 1081344K
  class space    used 3528K, committed 3840K, reserved 1048576K
}
Event: 10.965 GC heap after
{Heap after GC invocations=10 (full 1):
 PSYoungGen      total 26112K, used 2614K [0x00000000eab00000, 0x00000000ec780000, 0x0000000100000000)
  eden space 23040K, 0% used [0x00000000eab00000,0x00000000eab00000,0x00000000ec180000)
  from space 3072K, 85% used [0x00000000ec200000,0x00000000ec48d948,0x00000000ec500000)
  to   space 2560K, 0% used [0x00000000ec500000,0x00000000ec500000,0x00000000ec780000)
 ParOldGen       total 68608K, used 10847K [0x00000000c0000000, 0x00000000c4300000, 0x00000000eab00000)
  object space 68608K, 15% used [0x00000000c0000000,0x00000000c0a97d50,0x00000000c4300000)
 Metaspace       used 34822K, committed 35520K, reserved 1081344K
  class space    used 3528K, committed 3840K, reserved 1048576K
}
Event: 11.049 GC heap before
{Heap before GC invocations=11 (full 1):
 PSYoungGen      total 26112K, used 25654K [0x00000000eab00000, 0x00000000ec780000, 0x0000000100000000)
  eden space 23040K, 100% used [0x00000000eab00000,0x00000000ec180000,0x00000000ec180000)
  from space 3072K, 85% used [0x00000000ec200000,0x00000000ec48d948,0x00000000ec500000)
  to   space 2560K, 0% used [0x00000000ec500000,0x00000000ec500000,0x00000000ec780000)
 ParOldGen       total 68608K, used 10847K [0x00000000c0000000, 0x00000000c4300000, 0x00000000eab00000)
  object space 68608K, 15% used [0x00000000c0000000,0x00000000c0a97d50,0x00000000c4300000)
 Metaspace       used 34849K, committed 35584K, reserved 1081344K
  class space    used 3529K, committed 3840K, reserved 1048576K
}
Event: 11.053 GC heap after
{Heap after GC invocations=11 (full 1):
 PSYoungGen      total 24064K, used 2528K [0x00000000eab00000, 0x00000000ecb00000, 0x0000000100000000)
  eden space 21504K, 0% used [0x00000000eab00000,0x00000000eab00000,0x00000000ec000000)
  from space 2560K, 98% used [0x00000000ec500000,0x00000000ec778010,0x00000000ec780000)
  to   space 5120K, 0% used [0x00000000ec000000,0x00000000ec000000,0x00000000ec500000)
 ParOldGen       total 68608K, used 13026K [0x00000000c0000000, 0x00000000c4300000, 0x00000000eab00000)
  object space 68608K, 18% used [0x00000000c0000000,0x00000000c0cb8a10,0x00000000c4300000)
 Metaspace       used 34849K, committed 35584K, reserved 1081344K
  class space    used 3529K, committed 3840K, reserved 1048576K
}
Event: 11.117 GC heap before
{Heap before GC invocations=12 (full 1):
 PSYoungGen      total 24064K, used 24032K [0x00000000eab00000, 0x00000000ecb00000, 0x0000000100000000)
  eden space 21504K, 100% used [0x00000000eab00000,0x00000000ec000000,0x00000000ec000000)
  from space 2560K, 98% used [0x00000000ec500000,0x00000000ec778010,0x00000000ec780000)
  to   space 5120K, 0% used [0x00000000ec000000,0x00000000ec000000,0x00000000ec500000)
 ParOldGen       total 68608K, used 13026K [0x00000000c0000000, 0x00000000c4300000, 0x00000000eab00000)
  object space 68608K, 18% used [0x00000000c0000000,0x00000000c0cb8a10,0x00000000c4300000)
 Metaspace       used 34915K, committed 35584K, reserved 1081344K
  class space    used 3541K, committed 3840K, reserved 1048576K
}
Event: 11.121 GC heap after
{Heap after GC invocations=12 (full 1):
 PSYoungGen      total 24064K, used 2432K [0x00000000eab00000, 0x00000000ec700000, 0x0000000100000000)
  eden space 21504K, 0% used [0x00000000eab00000,0x00000000eab00000,0x00000000ec000000)
  from space 2560K, 95% used [0x00000000ec000000,0x00000000ec260010,0x00000000ec280000)
  to   space 3584K, 0% used [0x00000000ec380000,0x00000000ec380000,0x00000000ec700000)
 ParOldGen       total 68608K, used 15578K [0x00000000c0000000, 0x00000000c4300000, 0x00000000eab00000)
  object space 68608K, 22% used [0x00000000c0000000,0x00000000c0f36a20,0x00000000c4300000)
 Metaspace       used 34915K, committed 35584K, reserved 1081344K
  class space    used 3541K, committed 3840K, reserved 1048576K
}
Event: 11.165 GC heap before
{Heap before GC invocations=13 (full 1):
 PSYoungGen      total 24064K, used 23936K [0x00000000eab00000, 0x00000000ec700000, 0x0000000100000000)
  eden space 21504K, 100% used [0x00000000eab00000,0x00000000ec000000,0x00000000ec000000)
  from space 2560K, 95% used [0x00000000ec000000,0x00000000ec260010,0x00000000ec280000)
  to   space 3584K, 0% used [0x00000000ec380000,0x00000000ec380000,0x00000000ec700000)
 ParOldGen       total 68608K, used 15578K [0x00000000c0000000, 0x00000000c4300000, 0x00000000eab00000)
  object space 68608K, 22% used [0x00000000c0000000,0x00000000c0f36a20,0x00000000c4300000)
 Metaspace       used 34918K, committed 35584K, reserved 1081344K
  class space    used 3541K, committed 3840K, reserved 1048576K
}
Event: 11.170 GC heap after
{Heap after GC invocations=13 (full 1):
 PSYoungGen      total 24064K, used 2464K [0x00000000eab00000, 0x00000000ec600000, 0x0000000100000000)
  eden space 21504K, 0% used [0x00000000eab00000,0x00000000eab00000,0x00000000ec000000)
  from space 2560K, 96% used [0x00000000ec380000,0x00000000ec5e8010,0x00000000ec600000)
  to   space 3072K, 0% used [0x00000000ec000000,0x00000000ec000000,0x00000000ec300000)
 ParOldGen       total 68608K, used 17986K [0x00000000c0000000, 0x00000000c4300000, 0x00000000eab00000)
  object space 68608K, 26% used [0x00000000c0000000,0x00000000c1190b08,0x00000000c4300000)
 Metaspace       used 34918K, committed 35584K, reserved 1081344K
  class space    used 3541K, committed 3840K, reserved 1048576K
}
Event: 11.210 GC heap before
{Heap before GC invocations=14 (full 1):
 PSYoungGen      total 24064K, used 23968K [0x00000000eab00000, 0x00000000ec600000, 0x0000000100000000)
  eden space 21504K, 100% used [0x00000000eab00000,0x00000000ec000000,0x00000000ec000000)
  from space 2560K, 96% used [0x00000000ec380000,0x00000000ec5e8010,0x00000000ec600000)
  to   space 3072K, 0% used [0x00000000ec000000,0x00000000ec000000,0x00000000ec300000)
 ParOldGen       total 68608K, used 17986K [0x00000000c0000000, 0x00000000c4300000, 0x00000000eab00000)
  object space 68608K, 26% used [0x00000000c0000000,0x00000000c1190b08,0x00000000c4300000)
 Metaspace       used 34918K, committed 35584K, reserved 1081344K
  class space    used 3541K, committed 3840K, reserved 1048576K
}
Event: 11.214 GC heap after
{Heap after GC invocations=14 (full 1):
 PSYoungGen      total 24064K, used 2144K [0x00000000eab00000, 0x00000000ec500000, 0x0000000100000000)
  eden space 21504K, 0% used [0x00000000eab00000,0x00000000eab00000,0x00000000ec000000)
  from space 2560K, 83% used [0x00000000ec000000,0x00000000ec218000,0x00000000ec280000)
  to   space 2560K, 0% used [0x00000000ec280000,0x00000000ec280000,0x00000000ec500000)
 ParOldGen       total 68608K, used 20410K [0x00000000c0000000, 0x00000000c4300000, 0x00000000eab00000)
  object space 68608K, 29% used [0x00000000c0000000,0x00000000c13eeb18,0x00000000c4300000)
 Metaspace       used 34918K, committed 35584K, reserved 1081344K
  class space    used 3541K, committed 3840K, reserved 1048576K
}
Event: 11.318 GC heap before
{Heap before GC invocations=15 (full 1):
 PSYoungGen      total 24064K, used 14465K [0x00000000eab00000, 0x00000000ec500000, 0x0000000100000000)
  eden space 21504K, 57% used [0x00000000eab00000,0x00000000eb708470,0x00000000ec000000)
  from space 2560K, 83% used [0x00000000ec000000,0x00000000ec218000,0x00000000ec280000)
  to   space 2560K, 0% used [0x00000000ec280000,0x00000000ec280000,0x00000000ec500000)
 ParOldGen       total 68608K, used 20410K [0x00000000c0000000, 0x00000000c4300000, 0x00000000eab00000)
  object space 68608K, 29% used [0x00000000c0000000,0x00000000c13eeb18,0x00000000c4300000)
 Metaspace       used 35187K, committed 35840K, reserved 1081344K
  class space    used 3567K, committed 3840K, reserved 1048576K
}
Event: 11.322 GC heap after
{Heap after GC invocations=15 (full 1):
 PSYoungGen      total 24064K, used 1964K [0x00000000eab00000, 0x00000000ec500000, 0x0000000100000000)
  eden space 21504K, 0% used [0x00000000eab00000,0x00000000eab00000,0x00000000ec000000)
  from space 2560K, 76% used [0x00000000ec280000,0x00000000ec46b2b8,0x00000000ec500000)
  to   space 2560K, 0% used [0x00000000ec000000,0x00000000ec000000,0x00000000ec280000)
 ParOldGen       total 68608K, used 22480K [0x00000000c0000000, 0x00000000c4300000, 0x00000000eab00000)
  object space 68608K, 32% used [0x00000000c0000000,0x00000000c15f4398,0x00000000c4300000)
 Metaspace       used 35187K, committed 35840K, reserved 1081344K
  class space    used 3567K, committed 3840K, reserved 1048576K
}
Event: 11.322 GC heap before
{Heap before GC invocations=16 (full 2):
 PSYoungGen      total 24064K, used 1964K [0x00000000eab00000, 0x00000000ec500000, 0x0000000100000000)
  eden space 21504K, 0% used [0x00000000eab00000,0x00000000eab00000,0x00000000ec000000)
  from space 2560K, 76% used [0x00000000ec280000,0x00000000ec46b2b8,0x00000000ec500000)
  to   space 2560K, 0% used [0x00000000ec000000,0x00000000ec000000,0x00000000ec280000)
 ParOldGen       total 68608K, used 22480K [0x00000000c0000000, 0x00000000c4300000, 0x00000000eab00000)
  object space 68608K, 32% used [0x00000000c0000000,0x00000000c15f4398,0x00000000c4300000)
 Metaspace       used 35187K, committed 35840K, reserved 1081344K
  class space    used 3567K, committed 3840K, reserved 1048576K
}
Event: 11.372 GC heap after
{Heap after GC invocations=16 (full 2):
 PSYoungGen      total 24064K, used 0K [0x00000000eab00000, 0x00000000ec500000, 0x0000000100000000)
  eden space 21504K, 0% used [0x00000000eab00000,0x00000000eab00000,0x00000000ec000000)
  from space 2560K, 0% used [0x00000000ec280000,0x00000000ec280000,0x00000000ec500000)
  to   space 2560K, 0% used [0x00000000ec000000,0x00000000ec000000,0x00000000ec280000)
 ParOldGen       total 68608K, used 23922K [0x00000000c0000000, 0x00000000c4300000, 0x00000000eab00000)
  object space 68608K, 34% used [0x00000000c0000000,0x00000000c175c938,0x00000000c4300000)
 Metaspace       used 35187K, committed 35840K, reserved 1081344K
  class space    used 3567K, committed 3840K, reserved 1048576K
}
Event: 12.356 GC heap before
{Heap before GC invocations=17 (full 2):
 PSYoungGen      total 24064K, used 21481K [0x00000000eab00000, 0x00000000ec500000, 0x0000000100000000)
  eden space 21504K, 99% used [0x00000000eab00000,0x00000000ebffa5c8,0x00000000ec000000)
  from space 2560K, 0% used [0x00000000ec280000,0x00000000ec280000,0x00000000ec500000)
  to   space 2560K, 0% used [0x00000000ec000000,0x00000000ec000000,0x00000000ec280000)
 ParOldGen       total 68608K, used 23922K [0x00000000c0000000, 0x00000000c4300000, 0x00000000eab00000)
  object space 68608K, 34% used [0x00000000c0000000,0x00000000c175c938,0x00000000c4300000)
 Metaspace       used 37372K, committed 38080K, reserved 1089536K
  class space    used 3852K, committed 4160K, reserved 1048576K
}
Event: 12.358 GC heap after
{Heap after GC invocations=17 (full 2):
 PSYoungGen      total 22528K, used 726K [0x00000000eab00000, 0x00000000ec300000, 0x0000000100000000)
  eden space 21504K, 0% used [0x00000000eab00000,0x00000000eab00000,0x00000000ec000000)
  from space 1024K, 70% used [0x00000000ec000000,0x00000000ec0b5a20,0x00000000ec100000)
  to   space 1536K, 0% used [0x00000000ec180000,0x00000000ec180000,0x00000000ec300000)
 ParOldGen       total 68608K, used 23930K [0x00000000c0000000, 0x00000000c4300000, 0x00000000eab00000)
  object space 68608K, 34% used [0x00000000c0000000,0x00000000c175e938,0x00000000c4300000)
 Metaspace       used 37372K, committed 38080K, reserved 1089536K
  class space    used 3852K, committed 4160K, reserved 1048576K
}
Event: 13.648 GC heap before
{Heap before GC invocations=18 (full 2):
 PSYoungGen      total 22528K, used 22230K [0x00000000eab00000, 0x00000000ec300000, 0x0000000100000000)
  eden space 21504K, 100% used [0x00000000eab00000,0x00000000ec000000,0x00000000ec000000)
  from space 1024K, 70% used [0x00000000ec000000,0x00000000ec0b5a20,0x00000000ec100000)
  to   space 1536K, 0% used [0x00000000ec180000,0x00000000ec180000,0x00000000ec300000)
 ParOldGen       total 68608K, used 23930K [0x00000000c0000000, 0x00000000c4300000, 0x00000000eab00000)
  object space 68608K, 34% used [0x00000000c0000000,0x00000000c175e938,0x00000000c4300000)
 Metaspace       used 39262K, committed 40000K, reserved 1089536K
  class space    used 4045K, committed 4416K, reserved 1048576K
}
Event: 13.649 GC heap after
{Heap after GC invocations=18 (full 2):
 PSYoungGen      total 22016K, used 416K [0x00000000eab00000, 0x00000000ec200000, 0x0000000100000000)
  eden space 21504K, 0% used [0x00000000eab00000,0x00000000eab00000,0x00000000ec000000)
  from space 512K, 81% used [0x00000000ec180000,0x00000000ec1e8000,0x00000000ec200000)
  to   space 1024K, 0% used [0x00000000ec000000,0x00000000ec000000,0x00000000ec100000)
 ParOldGen       total 68608K, used 24531K [0x00000000c0000000, 0x00000000c4300000, 0x00000000eab00000)
  object space 68608K, 35% used [0x00000000c0000000,0x00000000c17f4e40,0x00000000c4300000)
 Metaspace       used 39262K, committed 40000K, reserved 1089536K
  class space    used 4045K, committed 4416K, reserved 1048576K
}
Event: 15.222 GC heap before
{Heap before GC invocations=19 (full 2):
 PSYoungGen      total 22016K, used 21920K [0x00000000eab00000, 0x00000000ec200000, 0x0000000100000000)
  eden space 21504K, 100% used [0x00000000eab00000,0x00000000ec000000,0x00000000ec000000)
  from space 512K, 81% used [0x00000000ec180000,0x00000000ec1e8000,0x00000000ec200000)
  to   space 1024K, 0% used [0x00000000ec000000,0x00000000ec000000,0x00000000ec100000)
 ParOldGen       total 68608K, used 24531K [0x00000000c0000000, 0x00000000c4300000, 0x00000000eab00000)
  object space 68608K, 35% used [0x00000000c0000000,0x00000000c17f4e40,0x00000000c4300000)
 Metaspace       used 42859K, committed 43648K, reserved 1089536K
  class space    used 4337K, committed 4672K, reserved 1048576K
}
Event: 15.227 GC heap after
{Heap after GC invocations=19 (full 2):
 PSYoungGen      total 22528K, used 1020K [0x00000000eab00000, 0x00000000ec500000, 0x0000000100000000)
  eden space 21504K, 0% used [0x00000000eab00000,0x00000000eab00000,0x00000000ec000000)
  from space 1024K, 99% used [0x00000000ec000000,0x00000000ec0ff260,0x00000000ec100000)
  to   space 2560K, 0% used [0x00000000ec280000,0x00000000ec280000,0x00000000ec500000)
 ParOldGen       total 68608K, used 25610K [0x00000000c0000000, 0x00000000c4300000, 0x00000000eab00000)
  object space 68608K, 37% used [0x00000000c0000000,0x00000000c1902b20,0x00000000c4300000)
 Metaspace       used 42859K, committed 43648K, reserved 1089536K
  class space    used 4337K, committed 4672K, reserved 1048576K
}

